{"C:\\Users\\Nicman\\Desktop\\Importants\\AuthTDD\\src\\app.ts": {"path":"C:\\Users\\Nicman\\Desktop\\Importants\\AuthTDD\\src\\app.ts","statementMap":{"0":{"start":{"line":1,"column":0},"end":{"line":1,"column":30}},"1":{"start":{"line":2,"column":0},"end":{"line":2,"column":33}},"2":{"start":{"line":5,"column":0},"end":{"line":5,"column":43}},"3":{"start":{"line":8,"column":0},"end":{"line":8,"column":16}},"4":{"start":{"line":14,"column":8},"end":{"line":14,"column":33}},"5":{"start":{"line":15,"column":8},"end":{"line":15,"column":27}},"6":{"start":{"line":16,"column":8},"end":{"line":16,"column":22}},"7":{"start":{"line":20,"column":8},"end":{"line":20,"column":41}},"8":{"start":{"line":21,"column":8},"end":{"line":21,"column":62}},"9":{"start":{"line":23,"column":8},"end":{"line":28,"column":13}},"10":{"start":{"line":24,"column":12},"end":{"line":24,"column":59}},"11":{"start":{"line":25,"column":12},"end":{"line":25,"column":91}},"12":{"start":{"line":26,"column":12},"end":{"line":26,"column":105}},"13":{"start":{"line":27,"column":12},"end":{"line":27,"column":19}},"14":{"start":{"line":32,"column":8},"end":{"line":32,"column":null}},"15":{"start":{"line":36,"column":0},"end":{"line":36,"column":null}}},"fnMap":{"0":{"name":"(anonymous_7)","decl":{"start":{"line":13,"column":4},"end":{"line":13,"column":null}},"loc":{"start":{"line":13,"column":4},"end":{"line":17,"column":5}}},"1":{"name":"(anonymous_8)","decl":{"start":{"line":19,"column":4},"end":{"line":19,"column":15}},"loc":{"start":{"line":19,"column":15},"end":{"line":29,"column":5}}},"2":{"name":"(anonymous_9)","decl":{"start":{"line":23,"column":25},"end":{"line":23,"column":26}},"loc":{"start":{"line":23,"column":73},"end":{"line":28,"column":11}}},"3":{"name":"(anonymous_10)","decl":{"start":{"line":31,"column":4},"end":{"line":31,"column":10}},"loc":{"start":{"line":31,"column":10},"end":{"line":33,"column":5}}}},"branchMap":{},"s":{"0":1,"1":1,"2":1,"3":1,"4":1,"5":1,"6":1,"7":1,"8":1,"9":1,"10":11,"11":11,"12":11,"13":11,"14":1,"15":1},"f":{"0":1,"1":1,"2":11,"3":1},"b":{}}
,"C:\\Users\\Nicman\\Desktop\\Importants\\AuthTDD\\src\\__test__\\utils\\truncate.ts": {"path":"C:\\Users\\Nicman\\Desktop\\Importants\\AuthTDD\\src\\__test__\\utils\\truncate.ts","statementMap":{"0":{"start":{"line":1,"column":0},"end":{"line":1,"column":51}},"1":{"start":{"line":5,"column":4},"end":{"line":5,"column":null}},"2":{"start":{"line":4,"column":0},"end":{"line":4,"column":24}}},"fnMap":{"0":{"name":"truncateUser","decl":{"start":{"line":4,"column":24},"end":{"line":4,"column":36}},"loc":{"start":{"line":4,"column":36},"end":{"line":7,"column":1}}}},"branchMap":{},"s":{"0":1,"1":7,"2":1},"f":{"0":7},"b":{}}
,"C:\\Users\\Nicman\\Desktop\\Importants\\AuthTDD\\src\\controller\\SectionController.ts": {"path":"C:\\Users\\Nicman\\Desktop\\Importants\\AuthTDD\\src\\controller\\SectionController.ts","statementMap":{"0":{"start":{"line":2,"column":0},"end":{"line":2,"column":34}},"1":{"start":{"line":3,"column":0},"end":{"line":3,"column":48}},"2":{"start":{"line":4,"column":0},"end":{"line":4,"column":45}},"3":{"start":{"line":6,"column":0},"end":{"line":6,"column":44}},"4":{"start":{"line":11,"column":34},"end":{"line":11,"column":42}},"5":{"start":{"line":12,"column":4},"end":{"line":12,"column":null}},"6":{"start":{"line":14,"column":4},"end":{"line":14,"column":81}},"7":{"start":{"line":14,"column":34},"end":{"line":14,"column":81}},"8":{"start":{"line":15,"column":4},"end":{"line":18,"column":null}},"9":{"start":{"line":15,"column":18},"end":{"line":18,"column":null}},"10":{"start":{"line":20,"column":22},"end":{"line":24,"column":6}},"11":{"start":{"line":26,"column":4},"end":{"line":31,"column":null}},"12":{"start":{"line":26,"column":13},"end":{"line":31,"column":null}},"13":{"start":{"line":35,"column":33},"end":{"line":35,"column":41}},"14":{"start":{"line":36,"column":4},"end":{"line":36,"column":26}},"15":{"start":{"line":37,"column":4},"end":{"line":37,"column":65}},"16":{"start":{"line":37,"column":22},"end":{"line":37,"column":65}},"17":{"start":{"line":38,"column":4},"end":{"line":97,"column":null}},"18":{"start":{"line":39,"column":34},"end":{"line":42,"column":8}},"19":{"start":{"line":43,"column":6},"end":{"line":43,"column":null}},"20":{"start":{"line":45,"column":6},"end":{"line":50,"column":null}},"21":{"start":{"line":46,"column":8},"end":{"line":49,"column":11}},"22":{"start":{"line":52,"column":6},"end":{"line":91,"column":null}},"23":{"start":{"line":53,"column":30},"end":{"line":53,"column":50}},"24":{"start":{"line":54,"column":29},"end":{"line":54,"column":53}},"25":{"start":{"line":55,"column":22},"end":{"line":55,"column":52}},"26":{"start":{"line":56,"column":8},"end":{"line":61,"column":null}},"27":{"start":{"line":57,"column":10},"end":{"line":60,"column":13}},"28":{"start":{"line":63,"column":33},"end":{"line":63,"column":48}},"29":{"start":{"line":64,"column":24},"end":{"line":68,"column":10}},"30":{"start":{"line":70,"column":36},"end":{"line":70,"column":58}},"31":{"start":{"line":71,"column":8},"end":{"line":71,"column":null}},"32":{"start":{"line":71,"column":20},"end":{"line":71,"column":null}},"33":{"start":{"line":72,"column":24},"end":{"line":74,"column":10}},"34":{"start":{"line":76,"column":20},"end":{"line":76,"column":61}},"35":{"start":{"line":80,"column":8},"end":{"line":84,"column":11}},"36":{"start":{"line":87,"column":8},"end":{"line":90,"column":11}},"37":{"start":{"line":93,"column":6},"end":{"line":96,"column":9}},"38":{"start":{"line":98,"column":4},"end":{"line":98,"column":14}},"39":{"start":{"line":102,"column":4},"end":{"line":107,"column":null}},"40":{"start":{"line":103,"column":6},"end":{"line":106,"column":9}},"41":{"start":{"line":108,"column":4},"end":{"line":122,"column":null}},"42":{"start":{"line":109,"column":21},"end":{"line":112,"column":null}},"43":{"start":{"line":114,"column":6},"end":{"line":119,"column":null}},"44":{"start":{"line":115,"column":8},"end":{"line":118,"column":11}},"45":{"start":{"line":121,"column":6},"end":{"line":121,"column":21}},"46":{"start":{"line":124,"column":4},"end":{"line":164,"column":null}},"47":{"start":{"line":125,"column":27},"end":{"line":125,"column":35}},"48":{"start":{"line":126,"column":6},"end":{"line":131,"column":null}},"49":{"start":{"line":127,"column":8},"end":{"line":130,"column":11}},"50":{"start":{"line":133,"column":6},"end":{"line":150,"column":null}},"51":{"start":{"line":134,"column":8},"end":{"line":143,"column":null}},"52":{"start":{"line":144,"column":8},"end":{"line":144,"column":54}},"53":{"start":{"line":146,"column":8},"end":{"line":149,"column":null}},"54":{"start":{"line":152,"column":6},"end":{"line":157,"column":9}},"55":{"start":{"line":159,"column":6},"end":{"line":159,"column":25}},"56":{"start":{"line":160,"column":6},"end":{"line":163,"column":9}},"57":{"start":{"line":168,"column":4},"end":{"line":173,"column":null}},"58":{"start":{"line":169,"column":6},"end":{"line":172,"column":9}},"59":{"start":{"line":174,"column":4},"end":{"line":194,"column":null}},"60":{"start":{"line":175,"column":20},"end":{"line":175,"column":78}},"61":{"start":{"line":176,"column":6},"end":{"line":181,"column":null}},"62":{"start":{"line":177,"column":8},"end":{"line":180,"column":11}},"63":{"start":{"line":182,"column":6},"end":{"line":182,"column":null}},"64":{"start":{"line":184,"column":6},"end":{"line":187,"column":9}},"65":{"start":{"line":190,"column":6},"end":{"line":193,"column":9}},"66":{"start":{"line":198,"column":0},"end":{"line":198,"column":39}}},"fnMap":{"0":{"name":"(anonymous_14)","decl":{"start":{"line":10,"column":9},"end":{"line":10,"column":14}},"loc":{"start":{"line":10,"column":42},"end":{"line":32,"column":null}}},"1":{"name":"(anonymous_16)","decl":{"start":{"line":34,"column":8},"end":{"line":34,"column":13}},"loc":{"start":{"line":34,"column":39},"end":{"line":99,"column":null}}},"2":{"name":"(anonymous_18)","decl":{"start":{"line":101,"column":8},"end":{"line":101,"column":18}},"loc":{"start":{"line":101,"column":44},"end":{"line":165,"column":null}}},"3":{"name":"(anonymous_20)","decl":{"start":{"line":167,"column":8},"end":{"line":167,"column":18}},"loc":{"start":{"line":167,"column":44},"end":{"line":195,"column":null}}}},"branchMap":{"0":{"loc":{"start":{"line":14,"column":4},"end":{"line":14,"column":81}},"type":"if","locations":[{"start":{"line":14,"column":4},"end":{"line":14,"column":81}}]},"1":{"loc":{"start":{"line":15,"column":4},"end":{"line":18,"column":null}},"type":"if","locations":[{"start":{"line":15,"column":4},"end":{"line":18,"column":null}}]},"2":{"loc":{"start":{"line":26,"column":4},"end":{"line":31,"column":null}},"type":"if","locations":[{"start":{"line":26,"column":4},"end":{"line":31,"column":null}}]},"3":{"loc":{"start":{"line":37,"column":4},"end":{"line":37,"column":65}},"type":"if","locations":[{"start":{"line":37,"column":4},"end":{"line":37,"column":65}}]},"4":{"loc":{"start":{"line":45,"column":6},"end":{"line":50,"column":null}},"type":"if","locations":[{"start":{"line":45,"column":6},"end":{"line":50,"column":null}}]},"5":{"loc":{"start":{"line":56,"column":8},"end":{"line":61,"column":null}},"type":"if","locations":[{"start":{"line":56,"column":8},"end":{"line":61,"column":null}}]},"6":{"loc":{"start":{"line":71,"column":8},"end":{"line":71,"column":null}},"type":"if","locations":[{"start":{"line":71,"column":8},"end":{"line":71,"column":null}}]},"7":{"loc":{"start":{"line":102,"column":4},"end":{"line":107,"column":null}},"type":"if","locations":[{"start":{"line":102,"column":4},"end":{"line":107,"column":null}}]},"8":{"loc":{"start":{"line":114,"column":6},"end":{"line":119,"column":null}},"type":"if","locations":[{"start":{"line":114,"column":6},"end":{"line":119,"column":null}}]},"9":{"loc":{"start":{"line":126,"column":6},"end":{"line":131,"column":null}},"type":"if","locations":[{"start":{"line":126,"column":6},"end":{"line":131,"column":null}}]},"10":{"loc":{"start":{"line":168,"column":4},"end":{"line":173,"column":null}},"type":"if","locations":[{"start":{"line":168,"column":4},"end":{"line":173,"column":null}}]},"11":{"loc":{"start":{"line":176,"column":6},"end":{"line":181,"column":null}},"type":"if","locations":[{"start":{"line":176,"column":6},"end":{"line":181,"column":null}}]}},"s":{"0":1,"1":1,"2":1,"3":1,"4":7,"5":7,"6":7,"7":1,"8":6,"9":1,"10":5,"11":5,"12":5,"13":2,"14":2,"15":2,"16":0,"17":2,"18":2,"19":2,"20":1,"21":0,"22":1,"23":1,"24":1,"25":1,"26":1,"27":0,"28":1,"29":1,"30":1,"31":1,"32":0,"33":1,"34":1,"35":1,"36":0,"37":1,"38":0,"39":1,"40":0,"41":1,"42":1,"43":1,"44":0,"45":0,"46":1,"47":1,"48":1,"49":0,"50":1,"51":1,"52":1,"53":0,"54":1,"55":0,"56":0,"57":1,"58":0,"59":1,"60":1,"61":1,"62":0,"63":1,"64":1,"65":0,"66":1},"f":{"0":7,"1":2,"2":1,"3":1},"b":{"0":[1],"1":[1],"2":[5],"3":[0],"4":[0],"5":[0],"6":[0],"7":[0],"8":[0],"9":[0],"10":[0],"11":[0]}}
,"C:\\Users\\Nicman\\Desktop\\Importants\\AuthTDD\\src\\database\\db.ts": {"path":"C:\\Users\\Nicman\\Desktop\\Importants\\AuthTDD\\src\\database\\db.ts","statementMap":{"0":{"start":{"line":1,"column":0},"end":{"line":1,"column":35}},"1":{"start":{"line":2,"column":0},"end":{"line":2,"column":33}},"2":{"start":{"line":3,"column":0},"end":{"line":3,"column":null}},"3":{"start":{"line":5,"column":13},"end":{"line":15,"column":null}}},"fnMap":{},"branchMap":{},"s":{"0":1,"1":1,"2":1,"3":1},"f":{},"b":{}}
,"C:\\Users\\Nicman\\Desktop\\Importants\\AuthTDD\\src\\models\\userModel.ts": {"path":"C:\\Users\\Nicman\\Desktop\\Importants\\AuthTDD\\src\\models\\userModel.ts","statementMap":{"0":{"start":{"line":1,"column":0},"end":{"line":1,"column":57}},"1":{"start":{"line":4,"column":0},"end":{"line":4,"column":36}},"2":{"start":{"line":8,"column":13},"end":{"line":29,"column":null}}},"fnMap":{},"branchMap":{},"s":{"0":1,"1":1,"2":1},"f":{},"b":{}}
,"C:\\Users\\Nicman\\Desktop\\Importants\\AuthTDD\\src\\routes\\userRouts.ts": {"path":"C:\\Users\\Nicman\\Desktop\\Importants\\AuthTDD\\src\\routes\\userRouts.ts","statementMap":{"0":{"start":{"line":1,"column":0},"end":{"line":1,"column":28}},"1":{"start":{"line":2,"column":0},"end":{"line":2,"column":64}},"2":{"start":{"line":3,"column":19},"end":{"line":3,"column":27}},"3":{"start":{"line":6,"column":0},"end":{"line":6,"column":null}},"4":{"start":{"line":7,"column":0},"end":{"line":7,"column":null}},"5":{"start":{"line":8,"column":0},"end":{"line":8,"column":null}},"6":{"start":{"line":9,"column":0},"end":{"line":9,"column":null}},"7":{"start":{"line":11,"column":0},"end":{"line":11,"column":26}}},"fnMap":{},"branchMap":{},"s":{"0":1,"1":1,"2":1,"3":1,"4":1,"5":1,"6":1,"7":1},"f":{},"b":{}}
}
