TN:
SF:src\app.ts
FN:13,(anonymous_7)
FN:19,(anonymous_8)
FN:23,(anonymous_9)
FN:31,(anonymous_10)
FNF:4
FNH:4
FNDA:1,(anonymous_7)
FNDA:1,(anonymous_8)
FNDA:11,(anonymous_9)
FNDA:1,(anonymous_10)
DA:1,1
DA:2,1
DA:5,1
DA:8,1
DA:14,1
DA:15,1
DA:16,1
DA:20,1
DA:21,1
DA:23,1
DA:24,11
DA:25,11
DA:26,11
DA:27,11
DA:32,1
DA:36,1
LF:16
LH:16
BRF:0
BRH:0
end_of_record
TN:
SF:src\__test__\utils\truncate.ts
FN:4,truncateUser
FNF:1
FNH:1
FNDA:7,truncateUser
DA:1,1
DA:4,1
DA:5,7
LF:3
LH:3
BRF:0
BRH:0
end_of_record
TN:
SF:src\controller\SectionController.ts
FN:10,(anonymous_14)
FN:34,(anonymous_16)
FN:101,(anonymous_18)
FN:167,(anonymous_20)
FNF:4
FNH:4
FNDA:7,(anonymous_14)
FNDA:2,(anonymous_16)
FNDA:1,(anonymous_18)
FNDA:1,(anonymous_20)
DA:2,1
DA:3,1
DA:4,1
DA:6,1
DA:11,7
DA:12,7
DA:14,7
DA:15,6
DA:20,5
DA:26,5
DA:35,2
DA:36,2
DA:37,2
DA:38,2
DA:39,2
DA:43,2
DA:45,1
DA:46,0
DA:52,1
DA:53,1
DA:54,1
DA:55,1
DA:56,1
DA:57,0
DA:63,1
DA:64,1
DA:70,1
DA:71,1
DA:72,1
DA:76,1
DA:80,1
DA:87,0
DA:93,1
DA:98,0
DA:102,1
DA:103,0
DA:108,1
DA:109,1
DA:114,1
DA:115,0
DA:121,0
DA:124,1
DA:125,1
DA:126,1
DA:127,0
DA:133,1
DA:134,1
DA:144,1
DA:146,0
DA:152,1
DA:159,0
DA:160,0
DA:168,1
DA:169,0
DA:174,1
DA:175,1
DA:176,1
DA:177,0
DA:182,1
DA:184,1
DA:190,0
DA:198,1
LF:62
LH:48
BRDA:14,0,0,1
BRDA:15,1,0,1
BRDA:26,2,0,5
BRDA:37,3,0,0
BRDA:45,4,0,0
BRDA:56,5,0,0
BRDA:71,6,0,0
BRDA:102,7,0,0
BRDA:114,8,0,0
BRDA:126,9,0,0
BRDA:168,10,0,0
BRDA:176,11,0,0
BRF:12
BRH:3
end_of_record
TN:
SF:src\database\db.ts
FNF:0
FNH:0
DA:1,1
DA:2,1
DA:3,1
DA:5,1
LF:4
LH:4
BRF:0
BRH:0
end_of_record
TN:
SF:src\models\userModel.ts
FNF:0
FNH:0
DA:1,1
DA:4,1
DA:8,1
LF:3
LH:3
BRF:0
BRH:0
end_of_record
TN:
SF:src\routes\userRouts.ts
FNF:0
FNH:0
DA:1,1
DA:2,1
DA:3,1
DA:6,1
DA:7,1
DA:8,1
DA:9,1
DA:11,1
LF:8
LH:8
BRF:0
BRH:0
end_of_record
